Loading posts (min 5 posts per agent)...
  4,009 agents, 56,700 posts
  56,700 posts to classify

Batch 1/567 (100 posts)...
  [100/100] classified (0 errors)
  Done: 100/100 classified, 0 errors
  Progress: 100/56,700 (0.2%) | 1.7 posts/sec | ETA: 541.7 min

Batch 2/567 (100 posts)...
  [100/100] classified (0 errors)
  Done: 99/100 classified, 0 errors
  Progress: 200/56,700 (0.4%) | 1.8 posts/sec | ETA: 517.4 min

Batch 3/567 (100 posts)...
  [100/100] classified (0 errors)
  Done: 100/100 classified, 0 errors
  Progress: 300/56,700 (0.5%) | 1.9 posts/sec | ETA: 507.3 min

Batch 4/567 (100 posts)...
  [100/100] classified (0 errors)
  Done: 100/100 classified, 0 errors
  Progress: 400/56,700 (0.7%) | 1.9 posts/sec | ETA: 499.8 min

Batch 5/567 (100 posts)...
  [100/100] classified (0 errors)
  Done: 100/100 classified, 0 errors
  Progress: 500/56,700 (0.9%) | 1.9 posts/sec | ETA: 504.7 min

Batch 6/567 (100 posts)...
  [100/100] classified (0 errors)
  Done: 97/100 classified, 0 errors
  Progress: 600/56,700 (1.1%) | 1.8 posts/sec | ETA: 511.0 min

Batch 7/567 (100 posts)...
